# SpaceGroupNo= 166  Choice= 1  ! generated by TSPACE (Dr.A.Yanase).
Bohr_R	= 0.529177249  # [BohrRadius/Angstrom]
PI = 3.14159265358979323846
# a, as a scale of system, is a required key word!
a = 4.3338           # give in unit of Bohr_R(=atomic unit).
c = 40.910 
CV1 = 1/2.* a * EX - 1/2. *sqrt(3) * a * EY
CV2 = 1/2.* a * EX + 1/2. *sqrt(3) * a * EY
CV3 = c * EZ

PV1 =  2/3. * CV1  + 1/3. * CV2 + 1/3. * CV3
PV2 = -1/3. * CV1  + 1/3. * CV2 + 1/3. * CV3
PV3 = -1/3. * CV1  - 2/3. * CV2 + 1/3. * CV3

SITE TYPE=    Mn, POS= 0.*EZ               #  3a

z= 0.42488
SITE TYPE=    Bi, POS=           +z *CV3  #  6c
SITE TYPE=    Bi, POS=           -z *CV3  #  6c

z= 0.13333
SITE TYPE=    Te1, POS=           +z *CV3  #  6c
SITE TYPE=    Te1, POS=           -z *CV3  #  6c

z= 0.29436
SITE TYPE=    Te2, POS=           +z *CV3  #  6c
SITE TYPE=    Te2, POS=           -z *CV3  #  6c







<RASMOL>
BondMax  =    4.5000 
RangeMin = [ -0.2000,  -0.2000,  -0.2000]  #[-0.0001,-0.0001,-0.0001]
RangeMax = [  1.2000,   1.2000,   1.2000]  #[ 0.9999, 0.9999, 0.9999]
Type Te1 Color=1
Type Te2 Color=2
Type Mn Color=3
Type Bi Color=4
</RASMOL>
