 12-Aug-2002
    meshr  mse    ng     mxl
      400     35     15      3



   data read in
   go=go   file=data/Al0.0Fe                        
   brvtyp=fcc  a=  7.60000  c/a=1.00000  b/a=1.00000
   alpha= 90.0  beta= 90.0  gamma= 90.0
   edelt= 0.0010  ewidth=  1.200  reltyp=sra    sdftyp=vwn        magtyp=mag 
   record=2nd   outtyp=update  bzqlty=5   maxitr=100  pmix=0.02000
   ntyp= 1  natm= 1  ncmpx= 2


   complex energy mesh
   1( -1.2000, 0.0000)   2( -1.1998, 0.0030)   3( -1.1990, 0.0070) 
   4( -1.1970, 0.0121)   5( -1.1928, 0.0186)   6( -1.1849, 0.0267) 
   7( -1.1710, 0.0368)   8( -1.1478, 0.0489)   9( -1.1111, 0.0629) 
  10( -1.0562, 0.0779)  11( -0.9792, 0.0930)  12( -0.8787, 0.1063) 
  13( -0.7577, 0.1158)  14( -0.6240, 0.1199)  15( -0.4891, 0.1179) 
  16( -0.3646, 0.1104)  17( -0.2591, 0.0988)  18( -0.1764, 0.0850) 
  19( -0.1156, 0.0708)  20( -0.0735, 0.0575)  21( -0.0455, 0.0458) 
  22( -0.0276, 0.0360)  23( -0.0165, 0.0280)  24( -0.0098, 0.0216) 
  25( -0.0057, 0.0165)  26( -0.0033, 0.0126)  27( -0.0019, 0.0096) 
  28( -0.0011, 0.0073)  29( -0.0006, 0.0055)  30( -0.0004, 0.0042) 
  31( -0.0002, 0.0032)  32( -0.0001, 0.0024)  33( -0.0001, 0.0018) 
  34(  0.0000, 0.0014)  35(  0.0000, 0.0010) 

   file to be accessed=data/Al0.0Fe                        

   lattice constant
   bravais=fcc   a=  7.60000   c/a=1.0000   b/a=1.0000
   alpha=  90.00   beta=  90.00   gamma=  90.00

   type of site
   type=AlFe      rmt=0.35355  field=  0.000   lmxtyp=  2
                  component= 1  anclr=  13.  conc= 0.0000
                  component= 2  anclr=  26.  conc= 1.0000

   atoms in the unit cell
   position=   0.00000000   0.00000000   0.00000000  type=AlFe    

   ew=  -0.12513  ez=   0.80158

   preta= 0.44780  eta= 0.44780
   isymop= 1 1 1 1 1 1 1 1 1 1 1 1 1 1 1 1 1 1 1 1 1 1 1 1

   last= 243   np=  6   nt= 169   nrpt= 141   nk=   47   nd=   1

   record 1 will be overlaied by input and
   record 2 will be replaced by new output.

   core configuration for Z= 13
   state  1s 2s 2p 3s 3p 3d 4s 4p 4d 5s 5p 4f 5d 6s 6p 5f 6d 7s
    up     1  1  3  0  0  0  0  0  0  0  0  0  0  0  0  0  0  0
   down    1  1  3  0  0  0  0  0  0  0  0  0  0  0  0  0  0  0

   core configuration for Z= 26
   state  1s 2s 2p 3s 3p 3d 4s 4p 4d 5s 5p 4f 5d 6s 6p 5f 6d 7s
    up     1  1  3  1  3  0  0  0  0  0  0  0  0  0  0  0  0  0
   down    1  1  3  1  3  0  0  0  0  0  0  0  0  0  0  0  0  0

   ***** self-consistent iteration starts *****
      AlFe
   itr=  1 neu=  0.0000  moment=  2.7739  te=  -2541.0504988  err= -6.118
   interval=  1     cpu time=      0.52 sec
   sdftyp=vwn     reltyp=sra     dmpc=0.020
      AlFe
   itr=  1  neu  0.0000  chr,spn  8.0000  2.7739  intc,ints  0.6799 -0.0715
   rms err= -6.261 -6.118 -6.323 -6.262
   ef=   0.4372576   0.4643327  def=   2.9192891  39.8766255
   total energy=  -2541.0504988







                             *** type-AlFe     Al (z= 13.0) ***
   core charge in the muffin-tin sphere = 9.9993014
   valence charge in the cell (spin up  ) =     0.45835(s)   0.43522(p)   0.07574(d)
   valence charge in the cell (spin down) =     0.48100(s)   0.60195(p)   0.08377(d)
   total charge=  12.13534   valence charge (up/down)=   0.96931   1.16672
   spin moment=  -0.19741  orbital moment=   0.00000

   core level  (spin up  )
      -109.7518291 Ry(1s)        -7.1064221 Ry(2s)        -4.3278749 Ry(2p) 
   core level  (spin down)
      -109.7267899 Ry(1s)        -7.0819317 Ry(2s)        -4.3040114 Ry(2p) 

   hyperfine field of AlFe    
      -48.019 KG (core=     5.800 KG  valence=   -53.819 KG )
   core contribution
       5.231 KG(1s)       0.569 KG(2s)

   charge density at the nucleus
        1485.9793 (core=     1481.5083  valence=        4.4664 )
   core contribution
        1387.4747(1s)          94.0336(2s)



                             *** type-AlFe     Fe (z= 26.0) ***
   core charge in the muffin-tin sphere =17.9959334
   valence charge in the cell (spin up  ) =     0.25103(s)   0.20775(p)   4.62581(d)
   valence charge in the cell (spin down) =     0.27061(s)   0.26491(p)   1.70409(d)
   total charge=  25.32013   valence charge (up/down)=   5.08459   2.23961
   spin moment=   2.84498  orbital moment=   0.00000

   core level  (spin up  )
      -512.1834753 Ry(1s)       -59.1722510 Ry(2s)       -50.3442525 Ry(2p) 
        -6.0090040 Ry(3s)        -3.5409416 Ry(3p) 
   core level  (spin down)
      -512.1559421 Ry(1s)       -59.0316710 Ry(2s)       -50.2296332 Ry(2p) 
        -5.7498094 Ry(3s)        -3.2889444 Ry(3p) 

   hyperfine field of AlFe    
     -380.503 KG (core=  -316.153 KG  valence=   -64.349 KG )
   core contribution
     -23.919 KG(1s)    -648.924 KG(2s)     356.690 KG(3s)

   charge density at the nucleus
       15001.2140 (core=    14995.2362  valence=        5.7864 )
   core contribution
       13540.7928(1s)        1269.7008(2s)         184.7426(3s)





 sbtime report
  routine           1         2         3         4
  count            94        94        94         2
  cpu(sec)       0.18      0.12      0.05      0.01

 cpu used         1.10 sec


