 12-Aug-2002
    meshr  mse    ng     mxl
      400     35     15      3



   data read in
   go=go   file=data/Fe                             
   brvtyp=bcc  a=  5.42000  c/a=1.00000  b/a=1.00000
   alpha= 90.0  beta= 90.0  gamma= 90.0
   edelt= 0.0020  ewidth=  1.000  reltyp=sra    sdftyp=vwn        magtyp=mag 
   record=2nd   outtyp=update  bzqlty=5   maxitr=990  pmix=0.01000
   ntyp= 1  natm= 1  ncmpx= 1


   complex energy mesh
   1( -1.0000, 0.0000)   2( -0.9997, 0.0035)   3( -0.9984, 0.0079) 
   4( -0.9955, 0.0133)   5( -0.9900, 0.0199)   6( -0.9805, 0.0276) 
   7( -0.9651, 0.0367)   8( -0.9414, 0.0470)   9( -0.9070, 0.0581) 
  10( -0.8593, 0.0695)  11( -0.7970, 0.0804)  12( -0.7201, 0.0898) 
  13( -0.6310, 0.0965)  14( -0.5344, 0.0998)  15( -0.4365, 0.0992) 
  16( -0.3437, 0.0950)  17( -0.2611, 0.0878)  18( -0.1918, 0.0787) 
  19( -0.1368, 0.0687)  20( -0.0950, 0.0586)  21( -0.0645, 0.0491) 
  22( -0.0430, 0.0406)  23( -0.0282, 0.0331)  24( -0.0183, 0.0268) 
  25( -0.0118, 0.0216)  26( -0.0075, 0.0172)  27( -0.0047, 0.0137) 
  28( -0.0030, 0.0109)  29( -0.0019, 0.0086)  30( -0.0012, 0.0068) 
  31( -0.0007, 0.0054)  32( -0.0005, 0.0043)  33( -0.0003, 0.0034) 
  34( -0.0002, 0.0027)  35( -0.0001, 0.0021) 

   file to be accessed=data/Fe                             

   lattice constant
   bravais=bcc   a=  5.42000   c/a=1.0000   b/a=1.0000
   alpha=  90.00   beta=  90.00   gamma=  90.00

   type of site
   type=Fe        rmt=0.43301  field=  0.000   lmxtyp=  2
                  component= 1  anclr=  26.  conc= 1.0000

   atoms in the unit cell
   position=   0.00000000   0.00000000   0.00000000  type=Fe      

   ew=   0.24434  ez=   0.70867

   preta= 0.35542  eta= 0.35542
   isymop= 1 1 1 1 1 1 1 1 1 1 1 1 1 1 1 1 1 1 1 1 1 1 1 1

   last= 243   np= 18   nt= 141   nrpt= 169   nk=   47   nd=   1

   record 1 will be overlaied by input and
   record 2 will be replaced by new output.

   core configuration for Z= 26
   state  1s 2s 2p 3s 3p 3d 4s 4p 4d 5s 5p 4f 5d 6s 6p 5f 6d 7s
    up     1  1  3  1  3  0  0  0  0  0  0  0  0  0  0  0  0  0
   down    1  1  3  1  3  0  0  0  0  0  0  0  0  0  0  0  0  0

   ***** self-consistent iteration starts *****
      Fe
   itr=  1 neu=  0.0000  moment=  2.1809  te=  -2541.1150254  err= -6.043
   interval=  1     cpu time=      0.57 sec
   sdftyp=vwn     reltyp=sra     dmpc=0.010
      Fe
   itr=  1  neu  0.0000  chr,spn  8.0000  2.1809  intc,ints  0.9795 -0.0525
   rms err= -6.044 -6.043
   ef=   0.6780228   0.6948268  def=  11.4090165   3.3617119
   total energy=  -2541.1150254







                             *** type-Fe       Fe (z= 26.0) ***
   core charge in the muffin-tin sphere =17.9837061
   valence charge in the cell (spin up  ) =     0.20685(s)   0.19932(p)   4.22839(d)
   valence charge in the cell (spin down) =     0.21451(s)   0.23710(p)   1.95058(d)
   total charge=  25.02046   valence charge (up/down)=   4.63456   2.40219
   spin moment=   2.23237  orbital moment=   0.00000

   core level  (spin up  )
      -511.9148075 Ry(1s)       -58.9050655 Ry(2s)       -50.0782885 Ry(2p) 
        -5.7259408 Ry(3s)        -3.2593669 Ry(3p) 
   core level  (spin down)
      -511.8976701 Ry(1s)       -58.7965001 Ry(2s)       -49.9907285 Ry(2p) 
        -5.5236468 Ry(3s)        -3.0634153 Ry(3p) 

   hyperfine field of Fe      
     -288.371 KG (core=  -239.603 KG  valence=   -48.767 KG )
   core contribution
     -18.881 KG(1s)    -524.189 KG(2s)     303.466 KG(3s)

   charge density at the nucleus
       15003.9375 (core=    14996.6970  valence=        7.0491 )
   core contribution
       13542.1666(1s)        1269.7630(2s)         184.7674(3s)





 sbtime report
  routine           1         2         3         4
  count            94        94        94         2
  cpu(sec)       0.26      0.16      0.05      0.01

 cpu used         1.18 sec


