 12-Sep-2002
    meshr  mse    ng     mxl
      400     35     15      3



   data read in
   go=go   file=data/feni                           
   brvtyp=bcc  a=  5.30560  c/a=0.00000  b/a=0.00000
   alpha=  0.0  beta=  0.0  gamma=  0.0
   edelt= 0.0010  ewidth=  1.000  reltyp=nrl    sdftyp=mjw        magtyp=mag 
   record=2nd   outtyp=update  bzqlty=5   maxitr= 40  pmix=0.02400
   ntyp= 1  natm= 1  ncmpx= 2


   complex energy mesh
   1( -1.0000, 0.0000)   2( -0.9998, 0.0027)   3( -0.9990, 0.0062) 
   4( -0.9971, 0.0107)   5( -0.9933, 0.0163)   6( -0.9862, 0.0234) 
   7( -0.9738, 0.0319)   8( -0.9535, 0.0421)   9( -0.9220, 0.0536) 
  10( -0.8757, 0.0660)  11( -0.8117, 0.0782)  12( -0.7292, 0.0889) 
  13( -0.6307, 0.0965)  14( -0.5224, 0.0999)  15( -0.4130, 0.0985) 
  16( -0.3115, 0.0926)  17( -0.2245, 0.0835)  18( -0.1553, 0.0724) 
  19( -0.1037, 0.0610)  20( -0.0671, 0.0500)  21( -0.0424, 0.0403) 
  22( -0.0262, 0.0320)  23( -0.0160, 0.0251)  24( -0.0096, 0.0195) 
  25( -0.0057, 0.0151)  26( -0.0034, 0.0116)  27( -0.0020, 0.0089) 
  28( -0.0012, 0.0069)  29( -0.0007, 0.0052)  30( -0.0004, 0.0040) 
  31( -0.0002, 0.0031)  32( -0.0001, 0.0023)  33( -0.0001, 0.0018) 
  34(  0.0000, 0.0014)  35(  0.0000, 0.0010) 

   file to be accessed=data/feni                           

   lattice constant
   bravais=bcc   a=  5.30560   c/a=1.0000   b/a=1.0000
   alpha=  90.00   beta=  90.00   gamma=  90.00

   type of site
   type=FeNi      rmt=0.43301  field=  0.000   lmxtyp=  2
                  component= 1  anclr=  26.  conc= 0.6000
                  component= 2  anclr=  28.  conc= 0.4000

   atoms in the unit cell
   position=   0.00000000   0.00000000   0.00000000  type=FeNi    

   ew=   0.19997  ez=   0.70300

   preta= 0.35542  eta= 0.35542
   isymop= 1 1 1 1 1 1 1 1 1 1 1 1 1 1 1 1 1 1 1 1 1 1 1 1

   last= 243   np= 18   nt= 141   nrpt= 169   nk=   47   nd=   1

   record 1 will be overlaied by input and
   record 2 will be replaced by new output.

   core configuration for Z= 26
   state  1s 2s 2p 3s 3p 3d 4s 4p 4d 5s 5p 4f 5d 6s 6p 5f 6d 7s
    up     1  1  3  1  3  0  0  0  0  0  0  0  0  0  0  0  0  0
   down    1  1  3  1  3  0  0  0  0  0  0  0  0  0  0  0  0  0

   core configuration for Z= 28
   state  1s 2s 2p 3s 3p 3d 4s 4p 4d 5s 5p 4f 5d 6s 6p 5f 6d 7s
    up     1  1  3  1  3  0  0  0  0  0  0  0  0  0  0  0  0  0
   down    1  1  3  1  3  0  0  0  0  0  0  0  0  0  0  0  0  0

   ***** self-consistent iteration starts *****
      FeNi
   itr=  1 neu=  0.0005  moment=  1.7585  te=  -2718.3408184  err= -2.860
   itr=  2 neu=  0.0003  moment=  1.7585  te=  -2718.3408184  err= -2.977
   itr=  3 neu=  0.0000  moment=  1.7585  te=  -2718.3408186  err= -3.093
   itr=  4 neu= -0.0002  moment=  1.7584  te=  -2718.3408187  err= -3.127
   itr=  5 neu= -0.0004  moment=  1.7584  te=  -2718.3408189  err= -3.120
   itr=  6 neu= -0.0005  moment=  1.7584  te=  -2718.3408190  err= -3.139
   itr=  7 neu= -0.0005  moment=  1.7584  te=  -2718.3408191  err= -3.214
   itr=  8 neu= -0.0004  moment=  1.7584  te=  -2718.3408192  err= -3.308
   itr=  9 neu= -0.0004  moment=  1.7584  te=  -2718.3408193  err= -3.370
   itr= 10 neu= -0.0003  moment=  1.7584  te=  -2718.3408194  err= -3.398
   itr= 11 neu= -0.0002  moment=  1.7584  te=  -2718.3408194  err= -3.425
   itr= 12 neu= -0.0001  moment=  1.7584  te=  -2718.3408195  err= -3.479
   itr= 13 neu= -0.0001  moment=  1.7584  te=  -2718.3408195  err= -3.553
   itr= 14 neu= -0.0001  moment=  1.7584  te=  -2718.3408195  err= -3.617
   itr= 15 neu= -0.0001  moment=  1.7584  te=  -2718.3408196  err= -3.664
   itr= 16 neu= -0.0001  moment=  1.7584  te=  -2718.3408196  err= -3.703
   itr= 17 neu= -0.0001  moment=  1.7584  te=  -2718.3408196  err= -3.752
   itr= 18 neu= -0.0001  moment=  1.7584  te=  -2718.3408197  err= -3.815
   itr= 19 neu= -0.0001  moment=  1.7584  te=  -2718.3408197  err= -3.881
   itr= 20 neu= -0.0001  moment=  1.7584  te=  -2718.3408197  err= -3.939
   itr= 21 neu= -0.0001  moment=  1.7584  te=  -2718.3408198  err= -3.986
   itr= 22 neu= -0.0001  moment=  1.7584  te=  -2718.3408198  err= -4.036
   itr= 23 neu=  0.0000  moment=  1.7584  te=  -2718.3408198  err= -4.095
   itr= 24 neu=  0.0000  moment=  1.7584  te=  -2718.3408198  err= -4.163
   itr= 25 neu=  0.0000  moment=  1.7584  te=  -2718.3408198  err= -4.230
   itr= 26 neu=  0.0000  moment=  1.7584  te=  -2718.3408198  err= -4.294
   itr= 27 neu=  0.0000  moment=  1.7584  te=  -2718.3408199  err= -4.357
   itr= 28 neu=  0.0000  moment=  1.7584  te=  -2718.3408199  err= -4.424
   itr= 29 neu=  0.0000  moment=  1.7584  te=  -2718.3408199  err= -4.496
   itr= 30 neu=  0.0000  moment=  1.7584  te=  -2718.3408199  err= -4.570
   itr= 31 neu=  0.0000  moment=  1.7584  te=  -2718.3408199  err= -4.643
   itr= 32 neu=  0.0000  moment=  1.7584  te=  -2718.3408199  err= -4.714
   itr= 33 neu=  0.0000  moment=  1.7584  te=  -2718.3408199  err= -4.786
   itr= 34 neu=  0.0000  moment=  1.7584  te=  -2718.3408199  err= -4.862
   itr= 35 neu=  0.0000  moment=  1.7584  te=  -2718.3408199  err= -4.940
   itr= 36 neu=  0.0000  moment=  1.7584  te=  -2718.3408199  err= -5.016
   itr= 37 neu=  0.0000  moment=  1.7584  te=  -2718.3408199  err= -5.090
   itr= 38 neu=  0.0000  moment=  1.7584  te=  -2718.3408199  err= -5.162
   itr= 39 neu=  0.0000  moment=  1.7584  te=  -2718.3408199  err= -5.237
   itr= 40 neu=  0.0000  moment=  1.7584  te=  -2718.3408199  err= -5.316
   *** no convergence
   interval= 40     cpu time=    122.02 sec
   sdftyp=mjw     reltyp=nrl     dmpc=0.024
      FeNi
   itr= 40  neu  0.0000  chr,spn  8.8000  1.7584  intc,ints  0.9642 -0.0114
   rms err= -5.367 -5.316 -5.373 -5.321
   ef=   0.7272779   0.7313428  def=   5.7642523  12.5517891
   total energy=  -2718.3408199







                             *** type-FeNi     Fe (z= 26.0) ***
   core charge in the muffin-tin sphere =17.9788056
   valence charge in the cell (spin up  ) =     0.19700(s)   0.19455(p)   4.35340(d)
   valence charge in the cell (spin down) =     0.19822(s)   0.21036(p)   1.84698(d)
   total charge=  24.97932   valence charge (up/down)=   4.74495   2.25556
   spin moment=   2.48939  orbital moment=   0.00000

   core level  (spin up  )
      -507.1268658 Ry(1s)       -57.8687534 Ry(2s)       -49.8299108 Ry(2p) 
        -5.5296239 Ry(3s)        -3.1872201 Ry(3p) 
   core level  (spin down)
      -507.1220987 Ry(1s)       -57.7616431 Ry(2s)       -49.7473725 Ry(2p) 
        -5.3216831 Ry(3s)        -2.9853073 Ry(3p) 

   hyperfine field of FeNi    
     -253.105 KG (core=  -249.982 KG  valence=    -3.123 KG )
   core contribution
     -21.147 KG(1s)    -545.804 KG(2s)     316.969 KG(3s)

   charge density at the nucleus
       11820.1887 (core=    11814.5482  valence=        5.6406 )
   core contribution
       10701.4462(1s)         972.7303(2s)         140.3716(3s)



                             *** type-FeNi     Ni (z= 28.0) ***
   core charge in the muffin-tin sphere =17.9914905
   valence charge in the cell (spin up  ) =     0.21292(s)   0.20507(p)   4.49050(d)
   valence charge in the cell (spin down) =     0.22676(s)   0.23699(p)   3.75668(d)
   total charge=  27.12041   valence charge (up/down)=   4.90850   4.22042
   spin moment=   0.68808  orbital moment=   0.00000

   core level  (spin up  )
      -594.3756710 Ry(1s)       -69.2866769 Ry(2s)       -60.3939912 Ry(2p) 
        -6.5883603 Ry(3s)        -3.8789599 Ry(3p) 
   core level  (spin down)
      -594.3714691 Ry(1s)       -69.2456526 Ry(2s)       -60.3619814 Ry(2p) 
        -6.5198147 Ry(3s)        -3.8123810 Ry(3p) 

   hyperfine field of FeNi    
     -178.432 KG (core=   -75.109 KG  valence=  -103.323 KG )
   core contribution
      -8.970 KG(1s)    -199.578 KG(2s)     133.438 KG(3s)

   charge density at the nucleus
       14827.9462 (core=    14822.0481  valence=        5.8981 )
   core contribution
       13396.9372(1s)        1243.1994(2s)         181.9115(3s)





 sbtime report
  routine           1         2         3         4
  count         47000     47000     47000        80
  cpu(sec)      56.13     27.41     13.45      0.34

 cpu used       122.63 sec


