         r2(1,0,-1) i*r3d
 ===========================================================
   12 operations! r_new= g r + ag  ! r and r_new are in Cartesian.
 i*i
   0.100000000000000D+01   0.000000000000000D+00   0.000000000000000D+00  !g(:,1)
   0.000000000000000D+00   0.100000000000000D+01   0.000000000000000D+00  !g(:,2)
   0.000000000000000D+00   0.000000000000000D+00   0.100000000000000D+01  !g(:,3)
   0.000000000000000D+00   0.000000000000000D+00   0.000000000000000D+00  !ag(:) 

 i
  -0.100000000000000D+01   0.000000000000000D+00   0.000000000000000D+00  !g(:,1)
   0.000000000000000D+00  -0.100000000000000D+01   0.000000000000000D+00  !g(:,2)
   0.000000000000000D+00   0.000000000000000D+00  -0.100000000000000D+01  !g(:,3)
   0.000000000000000D+00   0.000000000000000D+00   0.000000000000000D+00  !ag(:) 

 r3d
   0.000000000000000D+00   0.100000000000000D+01   0.000000000000000D+00  !g(:,1)
   0.000000000000000D+00   0.000000000000000D+00   0.100000000000000D+01  !g(:,2)
   0.100000000000000D+01   0.000000000000000D+00   0.000000000000000D+00  !g(:,3)
   0.000000000000000D+00   0.000000000000000D+00   0.000000000000000D+00  !ag(:) 

 i*r3d
   0.000000000000000D+00  -0.100000000000000D+01   0.000000000000000D+00  !g(:,1)
   0.000000000000000D+00   0.000000000000000D+00  -0.100000000000000D+01  !g(:,2)
  -0.100000000000000D+01   0.000000000000000D+00   0.000000000000000D+00  !g(:,3)
   0.000000000000000D+00   0.000000000000000D+00   0.000000000000000D+00  !ag(:) 

 r3(-1,-1,-1)
   0.000000000000000D+00   0.000000000000000D+00   0.100000000000000D+01  !g(:,1)
   0.100000000000000D+01   0.000000000000000D+00   0.000000000000000D+00  !g(:,2)
   0.000000000000000D+00   0.100000000000000D+01   0.000000000000000D+00  !g(:,3)
   0.000000000000000D+00   0.000000000000000D+00   0.000000000000000D+00  !ag(:) 

 i*r3(-1,-1,-1)
   0.000000000000000D+00   0.000000000000000D+00  -0.100000000000000D+01  !g(:,1)
  -0.100000000000000D+01   0.000000000000000D+00   0.000000000000000D+00  !g(:,2)
   0.000000000000000D+00  -0.100000000000000D+01   0.000000000000000D+00  !g(:,3)
   0.000000000000000D+00   0.000000000000000D+00   0.000000000000000D+00  !ag(:) 

 r2(1,0,-1)
   0.000000000000000D+00   0.000000000000000D+00  -0.100000000000000D+01  !g(:,1)
   0.000000000000000D+00  -0.100000000000000D+01   0.000000000000000D+00  !g(:,2)
  -0.100000000000000D+01   0.000000000000000D+00   0.000000000000000D+00  !g(:,3)
   0.000000000000000D+00   0.000000000000000D+00   0.000000000000000D+00  !ag(:) 

 m(1,0,-1)
   0.000000000000000D+00   0.000000000000000D+00   0.100000000000000D+01  !g(:,1)
   0.000000000000000D+00   0.100000000000000D+01   0.000000000000000D+00  !g(:,2)
   0.100000000000000D+01   0.000000000000000D+00   0.000000000000000D+00  !g(:,3)
   0.000000000000000D+00   0.000000000000000D+00   0.000000000000000D+00  !ag(:) 

 r2(1,-1,0)
   0.000000000000000D+00  -0.100000000000000D+01   0.000000000000000D+00  !g(:,1)
  -0.100000000000000D+01   0.000000000000000D+00   0.000000000000000D+00  !g(:,2)
   0.000000000000000D+00   0.000000000000000D+00  -0.100000000000000D+01  !g(:,3)
   0.000000000000000D+00   0.000000000000000D+00   0.000000000000000D+00  !ag(:) 

 m(1,-1,0)
   0.000000000000000D+00   0.100000000000000D+01   0.000000000000000D+00  !g(:,1)
   0.100000000000000D+01   0.000000000000000D+00   0.000000000000000D+00  !g(:,2)
   0.000000000000000D+00   0.000000000000000D+00   0.100000000000000D+01  !g(:,3)
   0.000000000000000D+00   0.000000000000000D+00   0.000000000000000D+00  !ag(:) 

 r2(0,1,-1)
  -0.100000000000000D+01   0.000000000000000D+00   0.000000000000000D+00  !g(:,1)
   0.000000000000000D+00   0.000000000000000D+00  -0.100000000000000D+01  !g(:,2)
   0.000000000000000D+00  -0.100000000000000D+01   0.000000000000000D+00  !g(:,3)
   0.000000000000000D+00   0.000000000000000D+00   0.000000000000000D+00  !ag(:) 

 m(0,1,-1)
   0.100000000000000D+01   0.000000000000000D+00   0.000000000000000D+00  !g(:,1)
   0.000000000000000D+00   0.000000000000000D+00   0.100000000000000D+01  !g(:,2)
   0.000000000000000D+00   0.100000000000000D+01   0.000000000000000D+00  !g(:,3)
   0.000000000000000D+00   0.000000000000000D+00   0.000000000000000D+00  !ag(:) 

